c:\users\lashmawy\documents\twitter\debug\twitter_publisher\i386\vc140.pdb
c:\users\lashmawy\documents\twitter\debug\twitter_publisher\i386\vc140.idb
c:\users\lashmawy\documents\twitter\debug\twitter_publisher\i386\twittertypesupports.obj
c:\users\lashmawy\documents\twitter\debug\twitter_publisher\i386\twittertypesupportimpl.obj
c:\users\lashmawy\documents\twitter\debug\twitter_publisher\i386\twittertypesupportc.obj
c:\users\lashmawy\documents\twitter\debug\twitter_publisher\i386\twitters.obj
c:\users\lashmawy\documents\twitter\debug\twitter_publisher\i386\twitterc.obj
c:\users\lashmawy\documents\twitter\debug\twitter_publisher\i386\publisher.obj
c:\users\lashmawy\documents\twitter\twitterc.cpp
c:\users\lashmawy\documents\twitter\twitterc.h
c:\users\lashmawy\documents\twitter\twitterc.inl
c:\users\lashmawy\documents\twitter\twitters.cpp
c:\users\lashmawy\documents\twitter\twitters.h
c:\users\lashmawy\documents\twitter\twittertypesupport.idl
c:\users\lashmawy\documents\twitter\twittertypesupportimpl.cpp
c:\users\lashmawy\documents\twitter\twittertypesupportimpl.h
c:\users\lashmawy\documents\twitter\twittertypesupportc.cpp
c:\users\lashmawy\documents\twitter\twittertypesupportc.h
c:\users\lashmawy\documents\twitter\twittertypesupportc.inl
c:\users\lashmawy\documents\twitter\twittertypesupports.cpp
c:\users\lashmawy\documents\twitter\twittertypesupports.h
c:\users\lashmawy\documents\twitter\publisher.ilk
c:\users\lashmawy\documents\twitter\publisher.exe
c:\users\lashmawy\documents\twitter\publisher_exe.pdb
c:\users\lashmawy\documents\twitter\.\publisher.exe
c:\users\lashmawy\documents\twitter\debug\twitter_publisher\i386\twitter_.3a282f1f.tlog\cl.command.1.tlog
c:\users\lashmawy\documents\twitter\debug\twitter_publisher\i386\twitter_.3a282f1f.tlog\cl.read.1.tlog
c:\users\lashmawy\documents\twitter\debug\twitter_publisher\i386\twitter_.3a282f1f.tlog\cl.write.1.tlog
c:\users\lashmawy\documents\twitter\debug\twitter_publisher\i386\twitter_.3a282f1f.tlog\custombuild.command.1.tlog
c:\users\lashmawy\documents\twitter\debug\twitter_publisher\i386\twitter_.3a282f1f.tlog\custombuild.read.1.tlog
c:\users\lashmawy\documents\twitter\debug\twitter_publisher\i386\twitter_.3a282f1f.tlog\custombuild.write.1.tlog
c:\users\lashmawy\documents\twitter\debug\twitter_publisher\i386\twitter_.3a282f1f.tlog\link.command.1.tlog
c:\users\lashmawy\documents\twitter\debug\twitter_publisher\i386\twitter_.3a282f1f.tlog\link.read.1.tlog
c:\users\lashmawy\documents\twitter\debug\twitter_publisher\i386\twitter_.3a282f1f.tlog\link.write.1.tlog
